DEB [20211113-19:44:56.694] thr=1   paramiko.transport: starting thread (client mode): 0x5cac2f40
DEB [20211113-19:44:56.694] thr=1   paramiko.transport: Local version/idstring: SSH-2.0-paramiko_2.7.2
DEB [20211113-19:44:56.714] thr=1   paramiko.transport: Remote version/idstring: SSH-2.0-OpenSSH_7.2p2 Ubuntu-4ubuntu2.8
INF [20211113-19:44:56.714] thr=1   paramiko.transport: Connected (version 2.0, client OpenSSH_7.2p2)
DEB [20211113-19:44:56.725] thr=1   paramiko.transport: kex algos:['curve25519-sha256@libssh.org', 'ecdh-sha2-nistp256', 'ecdh-sha2-nistp384', 'ecdh-sha2-nistp521', 'diffie-hellman-group-exchange-sha256', 'diffie-hellman-group14-sha1'] server key:['ssh-rsa', 'rsa-sha2-512', 'rsa-sha2-256', 'ecdsa-sha2-nistp256', 'ssh-ed25519'] client encrypt:['chacha20-poly1305@openssh.com', 'aes128-ctr', 'aes192-ctr', 'aes256-ctr', 'aes128-gcm@openssh.com', 'aes256-gcm@openssh.com'] server encrypt:['chacha20-poly1305@openssh.com', 'aes128-ctr', 'aes192-ctr', 'aes256-ctr', 'aes128-gcm@openssh.com', 'aes256-gcm@openssh.com'] client mac:['umac-64-etm@openssh.com', 'umac-128-etm@openssh.com', 'hmac-sha2-256-etm@openssh.com', 'hmac-sha2-512-etm@openssh.com', 'hmac-sha1-etm@openssh.com', 'umac-64@openssh.com', 'umac-128@openssh.com', 'hmac-sha2-256', 'hmac-sha2-512', 'hmac-sha1'] server mac:['umac-64-etm@openssh.com', 'umac-128-etm@openssh.com', 'hmac-sha2-256-etm@openssh.com', 'hmac-sha2-512-etm@openssh.com', 'hmac-sha1-etm@openssh.com', 'umac-64@openssh.com', 'umac-128@openssh.com', 'hmac-sha2-256', 'hmac-sha2-512', 'hmac-sha1'] client compress:['none', 'zlib@openssh.com'] server compress:['none', 'zlib@openssh.com'] client lang:[''] server lang:[''] kex follows?False
DEB [20211113-19:44:56.725] thr=1   paramiko.transport: Kex agreed: curve25519-sha256@libssh.org
DEB [20211113-19:44:56.725] thr=1   paramiko.transport: HostKey agreed: ssh-ed25519
DEB [20211113-19:44:56.726] thr=1   paramiko.transport: Cipher agreed: aes128-ctr
DEB [20211113-19:44:56.726] thr=1   paramiko.transport: MAC agreed: hmac-sha2-256
DEB [20211113-19:44:56.726] thr=1   paramiko.transport: Compression agreed: none
DEB [20211113-19:44:56.756] thr=1   paramiko.transport: kex engine KexCurve25519 specified hash_algo <built-in function openssl_sha256>
DEB [20211113-19:44:56.756] thr=1   paramiko.transport: Switch to new keys ...
DEB [20211113-19:44:56.756] thr=2   paramiko.transport: Attempting password auth...
DEB [20211113-19:44:56.837] thr=1   paramiko.transport: userauth is OK
INF [20211113-19:44:56.863] thr=1   paramiko.transport: Authentication (password) successful!
DEB [20211113-19:44:56.863] thr=2   paramiko.transport: [chan 0] Max packet in: 32768 bytes
DEB [20211113-19:44:57.065] thr=1   paramiko.transport: Received global request "hostkeys-00@openssh.com"
DEB [20211113-19:44:57.065] thr=1   paramiko.transport: Rejecting "hostkeys-00@openssh.com" global request from server.
DEB [20211113-19:44:57.122] thr=1   paramiko.transport: [chan 0] Max packet out: 32768 bytes
DEB [20211113-19:44:57.123] thr=1   paramiko.transport: Secsh channel 0 opened.
DEB [20211113-19:44:57.135] thr=1   paramiko.transport: [chan 0] Sesch channel 0 request ok
INF [20211113-19:44:57.150] thr=2   paramiko.transport.sftp: [chan 0] Opened sftp connection (server version 3)
DEB [20211113-19:45:02.741] thr=3   paramiko.transport: starting thread (client mode): 0x5cb9c1c0
DEB [20211113-19:45:02.742] thr=3   paramiko.transport: Local version/idstring: SSH-2.0-paramiko_2.7.2
DEB [20211113-19:45:02.761] thr=3   paramiko.transport: Remote version/idstring: SSH-2.0-OpenSSH_7.2p2 Ubuntu-4ubuntu2.8
INF [20211113-19:45:02.761] thr=3   paramiko.transport: Connected (version 2.0, client OpenSSH_7.2p2)
DEB [20211113-19:45:02.773] thr=3   paramiko.transport: kex algos:['curve25519-sha256@libssh.org', 'ecdh-sha2-nistp256', 'ecdh-sha2-nistp384', 'ecdh-sha2-nistp521', 'diffie-hellman-group-exchange-sha256', 'diffie-hellman-group14-sha1'] server key:['ssh-rsa', 'rsa-sha2-512', 'rsa-sha2-256', 'ecdsa-sha2-nistp256', 'ssh-ed25519'] client encrypt:['chacha20-poly1305@openssh.com', 'aes128-ctr', 'aes192-ctr', 'aes256-ctr', 'aes128-gcm@openssh.com', 'aes256-gcm@openssh.com'] server encrypt:['chacha20-poly1305@openssh.com', 'aes128-ctr', 'aes192-ctr', 'aes256-ctr', 'aes128-gcm@openssh.com', 'aes256-gcm@openssh.com'] client mac:['umac-64-etm@openssh.com', 'umac-128-etm@openssh.com', 'hmac-sha2-256-etm@openssh.com', 'hmac-sha2-512-etm@openssh.com', 'hmac-sha1-etm@openssh.com', 'umac-64@openssh.com', 'umac-128@openssh.com', 'hmac-sha2-256', 'hmac-sha2-512', 'hmac-sha1'] server mac:['umac-64-etm@openssh.com', 'umac-128-etm@openssh.com', 'hmac-sha2-256-etm@openssh.com', 'hmac-sha2-512-etm@openssh.com', 'hmac-sha1-etm@openssh.com', 'umac-64@openssh.com', 'umac-128@openssh.com', 'hmac-sha2-256', 'hmac-sha2-512', 'hmac-sha1'] client compress:['none', 'zlib@openssh.com'] server compress:['none', 'zlib@openssh.com'] client lang:[''] server lang:[''] kex follows?False
DEB [20211113-19:45:02.773] thr=3   paramiko.transport: Kex agreed: curve25519-sha256@libssh.org
DEB [20211113-19:45:02.773] thr=3   paramiko.transport: HostKey agreed: ssh-ed25519
DEB [20211113-19:45:02.773] thr=3   paramiko.transport: Cipher agreed: aes128-ctr
DEB [20211113-19:45:02.773] thr=3   paramiko.transport: MAC agreed: hmac-sha2-256
DEB [20211113-19:45:02.773] thr=3   paramiko.transport: Compression agreed: none
DEB [20211113-19:45:02.803] thr=3   paramiko.transport: kex engine KexCurve25519 specified hash_algo <built-in function openssl_sha256>
DEB [20211113-19:45:02.803] thr=3   paramiko.transport: Switch to new keys ...
DEB [20211113-19:45:02.803] thr=2   paramiko.transport: Attempting password auth...
DEB [20211113-19:45:02.863] thr=3   paramiko.transport: userauth is OK
INF [20211113-19:45:02.889] thr=3   paramiko.transport: Authentication (password) successful!
DEB [20211113-19:45:02.890] thr=2   paramiko.transport: [chan 0] Max packet in: 32768 bytes
DEB [20211113-19:45:03.076] thr=3   paramiko.transport: Received global request "hostkeys-00@openssh.com"
DEB [20211113-19:45:03.076] thr=3   paramiko.transport: Rejecting "hostkeys-00@openssh.com" global request from server.
DEB [20211113-19:45:03.142] thr=3   paramiko.transport: [chan 0] Max packet out: 32768 bytes
DEB [20211113-19:45:03.142] thr=3   paramiko.transport: Secsh channel 0 opened.
DEB [20211113-19:45:03.154] thr=3   paramiko.transport: [chan 0] Sesch channel 0 request ok
INF [20211113-19:45:03.165] thr=2   paramiko.transport.sftp: [chan 0] Opened sftp connection (server version 3)
DEB [20211113-19:46:18.097] thr=2   paramiko.transport.sftp: [chan 0] listdir(b'files/turner2017')
ERR [20211113-20:31:46.308] thr=1   paramiko.transport: Socket exception: An existing connection was forcibly closed by the remote host (10054)
ERR [20211113-20:31:46.309] thr=3   paramiko.transport: Socket exception: An existing connection was forcibly closed by the remote host (10054)
